[21:31:03] [main/WARN]: Ambiguity between arguments [teleport, destination] and [teleport, targets] with inputs: [Player, 0123, @e, dd12be42-52a9-4a91-a8a1-11c01849e498]
[21:31:03] [main/WARN]: Ambiguity between arguments [teleport, location] and [teleport, destination] with inputs: [0.1 -0.5 .9, 0 0 0]
[21:31:03] [main/WARN]: Ambiguity between arguments [teleport, location] and [teleport, targets] with inputs: [0.1 -0.5 .9, 0 0 0]
[21:31:03] [main/WARN]: Ambiguity between arguments [teleport, targets] and [teleport, destination] with inputs: [Player, 0123, dd12be42-52a9-4a91-a8a1-11c01849e498]
[21:31:03] [main/WARN]: Ambiguity between arguments [teleport, targets, location] and [teleport, targets, destination] with inputs: [0.1 -0.5 .9, 0 0 0]
[21:31:03] [main/INFO]: Reloading ResourceManager: Default
[21:31:05] [Worker-Main-4/INFO]: Loaded 7 recipes
[21:31:05] [Worker-Main-4/INFO]: Loaded 927 advancements
[21:31:07] [Server thread/INFO]: Starting minecraft server version 1.16.5
[21:31:07] [Server thread/INFO]: Loading properties
[21:31:07] [Server thread/INFO]: Default game type: SURVIVAL
[21:31:07] [Server thread/INFO]: Generating keypair
[21:31:08] [Server thread/INFO]: Starting Minecraft server on *:25565
[21:31:08] [Server thread/INFO]: Using epoll channel type
[21:31:08] [Server thread/WARN]: **** SERVER IS RUNNING IN OFFLINE/INSECURE MODE!
[21:31:08] [Server thread/WARN]: The server will make no attempt to authenticate usernames. Beware.
[21:31:08] [Server thread/WARN]: While this makes the game possible to play without internet access, it also opens up the ability for hackers to connect with any username they choose.
[21:31:08] [Server thread/WARN]: To change this, set "online-mode" to "true" in the server.properties file.
[21:31:08] [Server thread/INFO]: Preparing level "world"
[21:31:09] [Server thread/INFO]: Preparing start region for dimension minecraft:overworld
[21:31:12] [Server thread/INFO]: Preparing spawn area: 0%
[21:31:12] [Server thread/INFO]: Preparing spawn area: 0%
[21:31:12] [Server thread/INFO]: Preparing spawn area: 0%
[21:31:12] [Server thread/INFO]: Preparing spawn area: 0%
[21:31:12] [Server thread/INFO]: Preparing spawn area: 0%
[21:31:12] [Server thread/INFO]: Preparing spawn area: 0%
[21:31:12] [Server thread/INFO]: Preparing spawn area: 0%
[21:31:12] [Server thread/INFO]: Preparing spawn area: 0%
[21:31:13] [Server thread/INFO]: Preparing spawn area: 70%
[21:31:18] [Worker-Main-6/INFO]: Preparing spawn area: 83%
[21:31:18] [Worker-Main-5/INFO]: Preparing spawn area: 83%
[21:31:18] [Worker-Main-5/INFO]: Preparing spawn area: 83%
[21:31:18] [Worker-Main-5/INFO]: Preparing spawn area: 83%
[21:31:18] [Worker-Main-5/INFO]: Preparing spawn area: 83%
[21:31:18] [Worker-Main-5/INFO]: Preparing spawn area: 83%
[21:31:18] [Worker-Main-5/INFO]: Preparing spawn area: 83%
[21:31:18] [Worker-Main-5/INFO]: Preparing spawn area: 83%
[21:31:18] [Worker-Main-5/INFO]: Preparing spawn area: 83%
[21:31:18] [Server thread/INFO]: Preparing spawn area: 83%
[21:31:18] [Worker-Main-5/INFO]: Preparing spawn area: 98%
[21:31:19] [Server thread/INFO]: Preparing spawn area: 99%
[21:31:19] [Server thread/INFO]: Time elapsed: 10137 ms
[21:31:19] [Server thread/INFO]: Done (10.356s)! For help, type "help"
[21:31:36] [Server thread/INFO]: tobiaspro08[/127.58.228.122:36917] logged in with entity id 243 at (297.89341140193267, 164.869085626714, -250.09167839042007)
[21:31:36] [Server thread/INFO]: tobiaspro08 joined the game
[21:31:40] [Server thread/INFO]: tobiaspro08 lost connection: Disconnected
[21:31:40] [Server thread/INFO]: tobiaspro08 left the game
[21:31:58] [Server thread/INFO]: tobiaspro08[/127.58.228.122:52013] logged in with entity id 262 at (297.89341140193267, 164.869085626714, -250.09167839042007)
[21:31:58] [Server thread/INFO]: tobiaspro08 joined the game
[21:35:45] [Server thread/INFO]: [tobiaspro08: Set the time to 1000]
[21:35:58] [Server thread/INFO]: SoyMrZaki[/127.208.88.138:40741] logged in with entity id 766 at (236.5, 68.0, -258.5)
[21:35:58] [Server thread/INFO]: SoyMrZaki joined the game
[21:36:07] [Server thread/INFO]: Made SoyMrZaki a server operator
[21:36:28] [Server thread/INFO]: Incorrect argument for command
[21:36:28] [Server thread/INFO]: /gamemode soymrzaki creative<--[HERE]
[21:36:49] [Server thread/INFO]: [SoyMrZaki: Set own game mode to Creative Mode]
[21:38:53] [Server thread/INFO]: [tobiaspro08: Successfully filled 2774 blocks]
[21:39:51] [Server thread/INFO]: [tobiaspro08: Successfully filled 1953 blocks]
[21:40:10] [Server thread/INFO]: [tobiaspro08: Successfully filled 837 blocks]
[21:40:24] [Server thread/INFO]: [tobiaspro08: Successfully filled 1953 blocks]
